<?xml version="1.0" encoding="UTF-8"?>
<testng-results ignored="0" total="1" passed="1" failed="0" skipped="0">
  <reporter-output>
  </reporter-output>
  <suite started-at="2024-12-27T17:11:48 IST" name="Surefire suite" finished-at="2024-12-27T17:12:00 IST" duration-ms="12100">
    <groups>
    </groups>
    <test started-at="2024-12-27T17:11:48 IST" name="Surefire test" finished-at="2024-12-27T17:12:00 IST" duration-ms="12100">
      <class name="tests.LoginTest">
        <test-method is-config="true" signature="setUp()[pri:0, instance:tests.LoginTest@4b5a5ed1]" started-at="2024-12-27T17:11:48 IST" name="setUp" finished-at="2024-12-27T17:11:53 IST" duration-ms="4151" status="PASS">
          <reporter-output>
          </reporter-output>
        </test-method> <!-- setUp -->
        <test-method signature="testLogin()[pri:0, instance:tests.LoginTest@4b5a5ed1]" started-at="2024-12-27T17:11:53 IST" name="testLogin" finished-at="2024-12-27T17:12:00 IST" duration-ms="7610" status="PASS">
          <reporter-output>
          </reporter-output>
        </test-method> <!-- testLogin -->
        <test-method is-config="true" signature="tearDown()[pri:0, instance:tests.LoginTest@4b5a5ed1]" started-at="2024-12-27T17:12:00 IST" name="tearDown" finished-at="2024-12-27T17:12:00 IST" duration-ms="297" status="PASS">
          <reporter-output>
          </reporter-output>
        </test-method> <!-- tearDown -->
      </class> <!-- tests.LoginTest -->
    </test> <!-- Surefire test -->
  </suite> <!-- Surefire suite -->
</testng-results>
