<?xml version="1.0" encoding="UTF-8"?>
<testng-results ignored="0" total="1" passed="1" failed="0" skipped="0">
  <reporter-output>
  </reporter-output>
  <suite started-at="2024-12-26T17:18:28 IST" name="Surefire suite" finished-at="2024-12-26T17:18:40 IST" duration-ms="11783">
    <groups>
    </groups>
    <test started-at="2024-12-26T17:18:28 IST" name="Surefire test" finished-at="2024-12-26T17:18:40 IST" duration-ms="11783">
      <class name="tests.LoginTest">
        <test-method is-config="true" signature="setUp()[pri:0, instance:tests.LoginTest@3c22fc4c]" started-at="2024-12-26T17:18:28 IST" name="setUp" finished-at="2024-12-26T17:18:32 IST" duration-ms="4465" status="PASS">
          <reporter-output>
          </reporter-output>
        </test-method> <!-- setUp -->
        <test-method signature="testLogin()[pri:0, instance:tests.LoginTest@3c22fc4c]" started-at="2024-12-26T17:18:32 IST" name="testLogin" finished-at="2024-12-26T17:18:39 IST" duration-ms="7157" status="PASS">
          <reporter-output>
          </reporter-output>
        </test-method> <!-- testLogin -->
        <test-method is-config="true" signature="tearDown()[pri:0, instance:tests.LoginTest@3c22fc4c]" started-at="2024-12-26T17:18:39 IST" name="tearDown" finished-at="2024-12-26T17:18:40 IST" duration-ms="123" status="PASS">
          <reporter-output>
          </reporter-output>
        </test-method> <!-- tearDown -->
      </class> <!-- tests.LoginTest -->
    </test> <!-- Surefire test -->
  </suite> <!-- Surefire suite -->
</testng-results>
