<?xml version="1.0" encoding="UTF-8"?>
<testng-results ignored="0" total="1" passed="1" failed="0" skipped="0">
  <reporter-output>
  </reporter-output>
  <suite started-at="2024-12-26T15:16:16 IST" name="Suite" finished-at="2024-12-26T15:16:29 IST" duration-ms="12994">
    <groups>
    </groups>
    <test started-at="2024-12-26T15:16:16 IST" name="Test" finished-at="2024-12-26T15:16:29 IST" duration-ms="12994">
      <class name="tests.LoginTest">
        <test-method is-config="true" signature="setUp()[pri:0, instance:tests.LoginTest@74e52303]" started-at="2024-12-26T15:16:16 IST" name="setUp" finished-at="2024-12-26T15:16:21 IST" duration-ms="5132" status="PASS">
          <reporter-output>
          </reporter-output>
        </test-method> <!-- setUp -->
        <test-method signature="testLogin()[pri:0, instance:tests.LoginTest@74e52303]" started-at="2024-12-26T15:16:21 IST" name="testLogin" finished-at="2024-12-26T15:16:29 IST" duration-ms="7655" status="PASS">
          <reporter-output>
          </reporter-output>
        </test-method> <!-- testLogin -->
        <test-method is-config="true" signature="tearDown()[pri:0, instance:tests.LoginTest@74e52303]" started-at="2024-12-26T15:16:29 IST" name="tearDown" finished-at="2024-12-26T15:16:29 IST" duration-ms="171" status="PASS">
          <reporter-output>
          </reporter-output>
        </test-method> <!-- tearDown -->
      </class> <!-- tests.LoginTest -->
    </test> <!-- Test -->
  </suite> <!-- Suite -->
</testng-results>
