<?xml version="1.0" encoding="UTF-8"?>
<testng-results ignored="0" total="1" passed="1" failed="0" skipped="0">
  <reporter-output>
  </reporter-output>
  <suite started-at="2025-01-01T10:38:46 IST" name="Default suite" finished-at="2025-01-01T10:38:58 IST" duration-ms="11765">
    <groups>
    </groups>
    <test started-at="2025-01-01T10:38:46 IST" name="Default test" finished-at="2025-01-01T10:38:58 IST" duration-ms="11765">
      <class name="tests.LoginTest">
        <test-method is-config="true" signature="setUp()[pri:0, instance:tests.LoginTest@441772e]" started-at="2025-01-01T10:38:46 IST" name="setUp" finished-at="2025-01-01T10:38:50 IST" duration-ms="4516" status="PASS">
          <reporter-output>
          </reporter-output>
        </test-method> <!-- setUp -->
        <test-method signature="testLogin()[pri:0, instance:tests.LoginTest@441772e]" started-at="2025-01-01T10:38:50 IST" name="testLogin" finished-at="2025-01-01T10:38:57 IST" duration-ms="6946" status="PASS">
          <reporter-output>
          </reporter-output>
        </test-method> <!-- testLogin -->
        <test-method is-config="true" signature="tearDown()[pri:0, instance:tests.LoginTest@441772e]" started-at="2025-01-01T10:38:57 IST" name="tearDown" finished-at="2025-01-01T10:38:58 IST" duration-ms="266" status="PASS">
          <reporter-output>
          </reporter-output>
        </test-method> <!-- tearDown -->
      </class> <!-- tests.LoginTest -->
    </test> <!-- Default test -->
  </suite> <!-- Default suite -->
</testng-results>
